<?xml version="1.0" encoding="UTF-8"?>
<!-- Generated by org.testng.reporters.JUnitXMLReporter -->
<testsuite ignored="0" hostname="ChanakyaAcer" failures="0" tests="3" name="Test" time="0.22" errors="0" timestamp="2022-01-05T18:23:12 AEST">
  <testcase classname="org.chanakya.E2EProject.HomePageTestCase" name="@BeforeTest init" time="0.039">
    <failure type="java.io.FileNotFoundException" message="C:\Users\Chanakya\Testing\Automation_Selenium\eclipse-workspace\E2EProject\src\main\java\resources\data.properties (The system cannot find the path specified)">
      <![CDATA[java.io.FileNotFoundException: C:\Users\Chanakya\Testing\Automation_Selenium\eclipse-workspace\E2EProject\src\main\java\resources\data.properties (The system cannot find the path specified)
at java.base/java.io.FileInputStream.open0(Native Method)
at java.base/java.io.FileInputStream.open(FileInputStream.java:216)
at java.base/java.io.FileInputStream.<init>(FileInputStream.java:157)
at java.base/java.io.FileInputStream.<init>(FileInputStream.java:111)
at org.chanakya.E2EProject.Base.initializeDriver(Base.java:24)
at org.chanakya.E2EProject.HomePageTestCase.init(HomePageTestCase.java:50)
... Removed 24 stack frames]]>
    </failure>
  </testcase> <!-- @BeforeTest init -->
  <testcase classname="org.chanakya.E2EProject.HomePageTestCase" name="@AfterClass tearDown" time="-1.641370992437E9">
    <skipped/>
  </testcase> <!-- @AfterClass tearDown -->
  <testcase classname="org.chanakya.E2EProject.HomePageTestCase" name="basePageNavigaton" time="0.0">
    <skipped/>
  </testcase> <!-- basePageNavigaton -->
  <testcase classname="org.chanakya.E2EProject.HomePageTestCase" name="basePageNavigaton" time="0.0">
    <skipped/>
  </testcase> <!-- basePageNavigaton -->
  <testcase classname="org.chanakya.E2EProject.HomePageTestCase" name="validateFeaturedTitle" time="0.0">
    <skipped/>
  </testcase> <!-- validateFeaturedTitle -->
</testsuite> <!-- Test -->
