<?xml version="1.0" encoding="UTF-8"?>
<!-- Generated by org.testng.reporters.JUnitXMLReporter -->
<testsuite ignored="0" hostname="ChanakyaAcer" failures="1" tests="1" name="Testing the contacts List" time="29.292" errors="0" timestamp="2022-01-06T16:46:31 AEST">
  <testcase classname="org.chanakya.E2EProject.HomePageTestCase3" name="clickContactsLink" time="15.152">
    <failure type="java.lang.AssertionError" message="expected [false] but found [true]">
      <![CDATA[java.lang.AssertionError: expected [false] but found [true]
at org.chanakya.E2EProject.HomePageTestCase3.clickContactsLink(HomePageTestCase3.java:27)
at java.base/java.util.ArrayList.forEach(ArrayList.java:1511)
at java.base/java.util.concurrent.FutureTask.run(FutureTask.java:264)
at java.base/java.util.concurrent.ThreadPoolExecutor.runWorker(ThreadPoolExecutor.java:1136)
at java.base/java.util.concurrent.ThreadPoolExecutor$Worker.run(ThreadPoolExecutor.java:635)
at java.base/java.lang.Thread.run(Thread.java:833)
... Removed 22 stack frames]]>
    </failure>
  </testcase> <!-- clickContactsLink -->
</testsuite> <!-- Testing the contacts List -->
